<?xml version="1.0" encoding="UTF-8"?>
<!-- Generated by org.testng.reporters.JUnitXMLReporter -->
<testsuite hostname="DESKTOP-K9PH7L4" ignored="0" name="Test" tests="6" failures="0" timestamp="20 Nov 2022 08:58:50 GMT" time="3.317" errors="0">
  <testcase name="@BeforeClass setup" time="3.232" classname="org.test.AltoroMutual">
    <failure type="java.lang.NoClassDefFoundError" message="org/apache/commons/io/IOUtils">
      <![CDATA[java.lang.NoClassDefFoundError: org/apache/commons/io/IOUtils
at io.github.bonigarcia.wdm.versions.VersionDetector.getProperties(VersionDetector.java:232)
at io.github.bonigarcia.wdm.versions.VersionDetector.getBrowserVersionFromTheShell(VersionDetector.java:137)
at io.github.bonigarcia.wdm.WebDriverManager.getBrowserVersionFromTheShell(WebDriverManager.java:724)
at io.github.bonigarcia.wdm.WebDriverManager.detectBrowserVersion(WebDriverManager.java:744)
at io.github.bonigarcia.wdm.WebDriverManager.resolveDriverVersion(WebDriverManager.java:607)
at io.github.bonigarcia.wdm.WebDriverManager.manage(WebDriverManager.java:559)
at io.github.bonigarcia.wdm.WebDriverManager.setup(WebDriverManager.java:286)
at org.utility.CommonUtility.launchBrowser(CommonUtility.java:41)
at org.test.AltoroMutual.setup(AltoroMutual.java:27)
Caused by: java.lang.ClassNotFoundException: org.apache.commons.io.IOUtils
at java.net.URLClassLoader.findClass(Unknown Source)
at java.lang.ClassLoader.loadClass(Unknown Source)
at sun.misc.Launcher$AppClassLoader.loadClass(Unknown Source)
at java.lang.ClassLoader.loadClass(Unknown Source)
... 35 more
... Removed 26 stack frames]]>
    </failure>
  </testcase> <!-- @BeforeClass setup -->
  <testcase name="@AfterMethod afterTestScreenShots" time="0.0" classname="org.test.AltoroMutual">
    <skipped/>
  </testcase> <!-- @AfterMethod afterTestScreenShots -->
  <testcase name="@AfterMethod afterTestScreenShots" time="0.0" classname="org.test.AltoroMutual">
    <skipped/>
  </testcase> <!-- @AfterMethod afterTestScreenShots -->
  <testcase name="@AfterMethod afterTestScreenShots" time="0.0" classname="org.test.AltoroMutual">
    <skipped/>
  </testcase> <!-- @AfterMethod afterTestScreenShots -->
  <testcase name="@AfterMethod afterTestScreenShots" time="0.0" classname="org.test.AltoroMutual">
    <skipped/>
  </testcase> <!-- @AfterMethod afterTestScreenShots -->
  <testcase name="@AfterMethod afterTestScreenShots" time="0.0" classname="org.test.AltoroMutual">
    <skipped/>
  </testcase> <!-- @AfterMethod afterTestScreenShots -->
  <testcase name="@AfterMethod afterTestScreenShots" time="0.0" classname="org.test.AltoroMutual">
    <skipped/>
  </testcase> <!-- @AfterMethod afterTestScreenShots -->
  <testcase name="@AfterClass tearDown" time="0.0" classname="org.test.AltoroMutual">
    <skipped/>
  </testcase> <!-- @AfterClass tearDown -->
  <testcase name="loginValidation" time="0.0" classname="org.test.AltoroMutual">
    <skipped/>
  </testcase> <!-- loginValidation -->
  <testcase name="verifyTheBalance" time="0.0" classname="org.test.AltoroMutual">
    <skipped/>
  </testcase> <!-- verifyTheBalance -->
  <testcase name="transeferFund" time="0.0" classname="org.test.AltoroMutual">
    <skipped/>
  </testcase> <!-- transeferFund -->
  <testcase name="transcationCheck" time="0.0" classname="org.test.AltoroMutual">
    <skipped/>
  </testcase> <!-- transcationCheck -->
  <testcase name="ContactMsgValidation" time="0.0" classname="org.test.AltoroMutual">
    <skipped/>
  </testcase> <!-- ContactMsgValidation -->
  <testcase name="signOff" time="0.0" classname="org.test.AltoroMutual">
    <skipped/>
  </testcase> <!-- signOff -->
</testsuite> <!-- Test -->
